<?xml version="1.0" encoding="UTF-8"?>
<robot generator="Robot 3.2.2 (Python 3.7.4 on win32)" generated="20210218 14:38:44.601" rpa="false">
<suite id="s1" name="Amazon3" source="C:\developpement\robot-scripts\Robot_Test\Tests\Amazon\Amazon3.robot">
<test id="s1-t1" name="User must sign in to check out">
<kw name="Open Browser" library="Selenium2Library">
<doc>Opens a new browser instance to the optional ``url``.</doc>
<arguments>
<arg>http://www.amazon.com</arg>
<arg>chrome</arg>
</arguments>
<msg timestamp="20210218 14:38:44.804" level="INFO">Opening browser 'chrome' to base url 'http://www.amazon.com'.</msg>
<status status="PASS" starttime="20210218 14:38:44.804" endtime="20210218 14:38:50.776"></status>
</kw>
<kw name="Wait Until Page Contains" library="Selenium2Library">
<doc>Waits until ``text`` appears on the current page.</doc>
<arguments>
<arg>Today's Deals</arg>
</arguments>
<status status="PASS" starttime="20210218 14:38:50.776" endtime="20210218 14:38:50.816"></status>
</kw>
<kw name="Input Text" library="Selenium2Library">
<doc>Types the given ``text`` into the text field identified by ``locator``.</doc>
<arguments>
<arg>id=twotabsearchtextbox</arg>
<arg>Ferrari 458</arg>
</arguments>
<msg timestamp="20210218 14:38:50.817" level="INFO">Typing text 'Ferrari 458' into text field 'id=twotabsearchtextbox'.</msg>
<status status="PASS" starttime="20210218 14:38:50.816" endtime="20210218 14:38:50.937"></status>
</kw>
<kw name="Click Button" library="Selenium2Library">
<doc>Clicks the button identified by ``locator``.</doc>
<arguments>
<arg>xpath=//*[@id="nav-search-submit-button"]</arg>
</arguments>
<msg timestamp="20210218 14:38:50.937" level="INFO">Clicking button 'xpath=//*[@id="nav-search-submit-button"]'.</msg>
<status status="PASS" starttime="20210218 14:38:50.937" endtime="20210218 14:38:54.901"></status>
</kw>
<kw name="Wait Until Page Contains" library="Selenium2Library">
<doc>Waits until ``text`` appears on the current page.</doc>
<arguments>
<arg>results for "Ferrari 458"</arg>
</arguments>
<status status="PASS" starttime="20210218 14:38:54.901" endtime="20210218 14:38:54.934"></status>
</kw>
<kw name="Click Link" library="Selenium2Library">
<doc>Clicks a link identified by ``locator``.</doc>
<arguments>
<arg>xpath=//*[@id="search"]/div[1]/div[2]/div/span[3]/div[2]/div[1]/div/span/div/div/div[2]/h2/a</arg>
</arguments>
<msg timestamp="20210218 14:38:54.935" level="INFO">Clicking link 'xpath=//*[@id="search"]/div[1]/div[2]/div/span[3]/div[2]/div[1]/div/span/div/div/div[2]/h2/a'.</msg>
<status status="PASS" starttime="20210218 14:38:54.934" endtime="20210218 14:39:03.751"></status>
</kw>
<kw name="Wait Until Page Contains" library="Selenium2Library">
<doc>Waits until ``text`` appears on the current page.</doc>
<arguments>
<arg>Back to results</arg>
</arguments>
<status status="PASS" starttime="20210218 14:39:03.751" endtime="20210218 14:39:03.815"></status>
</kw>
<kw name="Click Button" library="Selenium2Library">
<doc>Clicks the button identified by ``locator``.</doc>
<arguments>
<arg>id=add-to-cart-button</arg>
</arguments>
<msg timestamp="20210218 14:39:03.816" level="INFO">Clicking button 'id=add-to-cart-button'.</msg>
<status status="PASS" starttime="20210218 14:39:03.816" endtime="20210218 14:39:05.516"></status>
</kw>
<kw name="Wait Until Page Contains" library="Selenium2Library">
<doc>Waits until ``text`` appears on the current page.</doc>
<arguments>
<arg>Proceed to checkout (1 item)</arg>
</arguments>
<status status="PASS" starttime="20210218 14:39:05.516" endtime="20210218 14:39:05.539"></status>
</kw>
<kw name="Click Element" library="Selenium2Library">
<doc>Click the element identified by ``locator``.</doc>
<arguments>
<arg>xpath=//*[@id="hlb-ptc-btn-native"]</arg>
</arguments>
<msg timestamp="20210218 14:39:05.540" level="INFO">Clicking element 'xpath=//*[@id="hlb-ptc-btn-native"]'.</msg>
<status status="PASS" starttime="20210218 14:39:05.540" endtime="20210218 14:39:07.464"></status>
</kw>
<kw name="Sleep" library="BuiltIn">
<doc>Pauses the test executed for the given time.</doc>
<arguments>
<arg>10s</arg>
</arguments>
<msg timestamp="20210218 14:39:17.470" level="INFO">Slept 10 seconds</msg>
<status status="PASS" starttime="20210218 14:39:07.464" endtime="20210218 14:39:17.470"></status>
</kw>
<kw name="Close Browser" library="Selenium2Library">
<doc>Closes the current browser.</doc>
<status status="PASS" starttime="20210218 14:39:17.470" endtime="20210218 14:39:19.602"></status>
</kw>
<doc>This is some basic about test</doc>
<tags>
<tag>Smoke</tag>
</tags>
<status status="PASS" starttime="20210218 14:38:44.804" endtime="20210218 14:39:19.602" critical="yes"></status>
</test>
<doc>This is some basic info about the shopping cart test</doc>
<status status="PASS" starttime="20210218 14:38:44.601" endtime="20210218 14:39:19.602"></status>
</suite>
<statistics>
<total>
<stat pass="1" fail="0">Critical Tests</stat>
<stat pass="1" fail="0">All Tests</stat>
</total>
<tag>
<stat pass="1" fail="0">Smoke</stat>
</tag>
<suite>
<stat pass="1" fail="0" id="s1" name="Amazon3">Amazon3</stat>
</suite>
</statistics>
<errors>
</errors>
</robot>
