<?xml version="1.0" encoding="UTF-8"?>
<robot generator="Robot 3.2.2 (Python 3.7.4 on win32)" generated="20210218 17:13:19.448" rpa="false">
<suite id="s1" name="NewTest" source="C:\developpement\robot-scripts\Robot_Test\Tests\Amazon\NewTest.robot">
<test id="s1-t1" name="User must sign in to check out">
<kw name="Open Browser" library="Selenium2Library">
<doc>Opens a new browser instance to the optional ``url``.</doc>
<arguments>
<arg>http://www.amazon.com</arg>
<arg>${BROWSER}</arg>
</arguments>
<msg timestamp="20210218 17:13:19.676" level="INFO">Opening browser 'chrome' to base url 'http://www.amazon.com'.</msg>
<status status="PASS" starttime="20210218 17:13:19.676" endtime="20210218 17:13:24.785"></status>
</kw>
<kw name="Sleep" library="BuiltIn">
<doc>Pauses the test executed for the given time.</doc>
<arguments>
<arg>3s</arg>
</arguments>
<msg timestamp="20210218 17:13:27.788" level="INFO">Slept 3 seconds</msg>
<status status="PASS" starttime="20210218 17:13:24.785" endtime="20210218 17:13:27.788"></status>
</kw>
<kw name="Close Browser" library="Selenium2Library">
<doc>Closes the current browser.</doc>
<status status="PASS" starttime="20210218 17:13:27.788" endtime="20210218 17:13:29.897"></status>
</kw>
<doc>This is some basic about test</doc>
<tags>
<tag>Smoke2</tag>
</tags>
<status status="PASS" starttime="20210218 17:13:19.675" endtime="20210218 17:13:29.898" critical="yes"></status>
</test>
<doc>This is some basic info about the whole suite for 3 secondes</doc>
<status status="PASS" starttime="20210218 17:13:19.450" endtime="20210218 17:13:29.901"></status>
</suite>
<statistics>
<total>
<stat pass="1" fail="0">Critical Tests</stat>
<stat pass="1" fail="0">All Tests</stat>
</total>
<tag>
<stat pass="1" fail="0">Smoke2</stat>
</tag>
<suite>
<stat pass="1" fail="0" id="s1" name="NewTest">NewTest</stat>
</suite>
</statistics>
<errors>
</errors>
</robot>
