<?xml version="1.0" encoding="UTF-8"?>
<robot generator="Robot 3.2.2 (Python 3.7.4 on win32)" generated="20210219 15:17:38.373" rpa="false">
<suite id="s1" name="All Tests" source="C:\developpement\robot-scripts\Robot_Test\Tests">
<suite id="s1-s1" name="Amazon" source="C:\developpement\robot-scripts\Robot_Test\Tests\Amazon">
<suite id="s1-s1-s1" name="Amazon" source="C:\developpement\robot-scripts\Robot_Test\Tests\Amazon\Amazon.robot">
<test id="s1-s1-s1-t1" name="User must sign in to check out">
<kw name="Open Browser" library="Selenium2Library">
<doc>Opens a new browser instance to the optional ``url``.</doc>
<arguments>
<arg>http://www.amazon.com</arg>
<arg>chrome</arg>
</arguments>
<msg timestamp="20210219 15:17:38.599" level="INFO">Opening browser 'chrome' to base url 'http://www.amazon.com'.</msg>
<status status="PASS" starttime="20210219 15:17:38.599" endtime="20210219 15:17:45.792"></status>
</kw>
<kw name="Sleep" library="BuiltIn">
<doc>Pauses the test executed for the given time.</doc>
<arguments>
<arg>3s</arg>
</arguments>
<msg timestamp="20210219 15:17:48.794" level="INFO">Slept 3 seconds</msg>
<status status="PASS" starttime="20210219 15:17:45.793" endtime="20210219 15:17:48.794"></status>
</kw>
<kw name="Close Browser" library="Selenium2Library">
<doc>Closes the current browser.</doc>
<status status="PASS" starttime="20210219 15:17:48.794" endtime="20210219 15:17:51.973"></status>
</kw>
<doc>This is some basic about test</doc>
<tags>
<tag>Smoke</tag>
</tags>
<status status="PASS" starttime="20210219 15:17:38.599" endtime="20210219 15:17:51.973" critical="yes"></status>
</test>
<doc>This is some basic info about the whole suite for 3 secondes</doc>
<status status="PASS" starttime="20210219 15:17:38.399" endtime="20210219 15:17:51.973"></status>
</suite>
<suite id="s1-s1-s2" name="Amazon2" source="C:\developpement\robot-scripts\Robot_Test\Tests\Amazon\Amazon2.robot">
<test id="s1-s1-s2-t1" name="User must sign in to check out">
<kw name="Open Browser" library="Selenium2Library">
<doc>Opens a new browser instance to the optional ``url``.</doc>
<arguments>
<arg>http://www.amazon.com</arg>
<arg>chrome</arg>
</arguments>
<msg timestamp="20210219 15:17:51.988" level="INFO">Opening browser 'chrome' to base url 'http://www.amazon.com'.</msg>
<status status="PASS" starttime="20210219 15:17:51.988" endtime="20210219 15:17:58.542"></status>
</kw>
<kw name="Close Browser" library="Selenium2Library">
<doc>Closes the current browser.</doc>
<status status="PASS" starttime="20210219 15:17:58.542" endtime="20210219 15:18:00.612"></status>
</kw>
<doc>This is some basic about test</doc>
<tags>
<tag>Smoke</tag>
</tags>
<status status="PASS" starttime="20210219 15:17:51.988" endtime="20210219 15:18:00.614" critical="yes"></status>
</test>
<doc>This is some basic info about the whole suite</doc>
<status status="PASS" starttime="20210219 15:17:51.988" endtime="20210219 15:18:00.620"></status>
</suite>
<suite id="s1-s1-s3" name="Amazon3" source="C:\developpement\robot-scripts\Robot_Test\Tests\Amazon\Amazon3.robot">
<test id="s1-s1-s3-t1" name="User must sign in to check out">
<kw name="Open Browser" library="Selenium2Library">
<doc>Opens a new browser instance to the optional ``url``.</doc>
<arguments>
<arg>http://www.amazon.com</arg>
<arg>chrome</arg>
</arguments>
<msg timestamp="20210219 15:18:00.645" level="INFO">Opening browser 'chrome' to base url 'http://www.amazon.com'.</msg>
<status status="PASS" starttime="20210219 15:18:00.644" endtime="20210219 15:18:08.207"></status>
</kw>
<kw name="Wait Until Page Contains" library="Selenium2Library">
<doc>Waits until ``text`` appears on the current page.</doc>
<arguments>
<arg>Today's Deals</arg>
</arguments>
<status status="PASS" starttime="20210219 15:18:08.207" endtime="20210219 15:18:08.242"></status>
</kw>
<kw name="Input Text" library="Selenium2Library">
<doc>Types the given ``text`` into the text field identified by ``locator``.</doc>
<arguments>
<arg>id=twotabsearchtextbox</arg>
<arg>Ferrari 458</arg>
</arguments>
<msg timestamp="20210219 15:18:08.243" level="INFO">Typing text 'Ferrari 458' into text field 'id=twotabsearchtextbox'.</msg>
<status status="PASS" starttime="20210219 15:18:08.242" endtime="20210219 15:18:08.348"></status>
</kw>
<kw name="Click Button" library="Selenium2Library">
<doc>Clicks the button identified by ``locator``.</doc>
<arguments>
<arg>xpath=//*[@id="nav-search-submit-button"]</arg>
</arguments>
<msg timestamp="20210219 15:18:08.349" level="INFO">Clicking button 'xpath=//*[@id="nav-search-submit-button"]'.</msg>
<status status="PASS" starttime="20210219 15:18:08.349" endtime="20210219 15:18:14.448"></status>
</kw>
<kw name="Wait Until Page Contains" library="Selenium2Library">
<doc>Waits until ``text`` appears on the current page.</doc>
<arguments>
<arg>results for "Ferrari 458"</arg>
</arguments>
<status status="PASS" starttime="20210219 15:18:14.449" endtime="20210219 15:18:14.496"></status>
</kw>
<kw name="Click Link" library="Selenium2Library">
<doc>Clicks a link identified by ``locator``.</doc>
<arguments>
<arg>xpath=//*[@id="search"]/div[1]/div[2]/div/span[3]/div[2]/div[1]/div/span/div/div/div[2]/h2/a</arg>
</arguments>
<msg timestamp="20210219 15:18:14.497" level="INFO">Clicking link 'xpath=//*[@id="search"]/div[1]/div[2]/div/span[3]/div[2]/div[1]/div/span/div/div/div[2]/h2/a'.</msg>
<status status="PASS" starttime="20210219 15:18:14.497" endtime="20210219 15:18:21.887"></status>
</kw>
<kw name="Wait Until Page Contains" library="Selenium2Library">
<doc>Waits until ``text`` appears on the current page.</doc>
<arguments>
<arg>Back to results</arg>
</arguments>
<status status="PASS" starttime="20210219 15:18:21.887" endtime="20210219 15:18:21.940"></status>
</kw>
<kw name="Click Button" library="Selenium2Library">
<doc>Clicks the button identified by ``locator``.</doc>
<arguments>
<arg>id=add-to-cart-button</arg>
</arguments>
<msg timestamp="20210219 15:18:21.941" level="INFO">Clicking button 'id=add-to-cart-button'.</msg>
<status status="PASS" starttime="20210219 15:18:21.941" endtime="20210219 15:18:23.698"></status>
</kw>
<kw name="Wait Until Page Contains" library="Selenium2Library">
<doc>Waits until ``text`` appears on the current page.</doc>
<arguments>
<arg>Proceed to checkout (1 item)</arg>
</arguments>
<status status="PASS" starttime="20210219 15:18:23.699" endtime="20210219 15:18:23.719"></status>
</kw>
<kw name="Click Element" library="Selenium2Library">
<doc>Click the element identified by ``locator``.</doc>
<arguments>
<arg>xpath=//*[@id="hlb-ptc-btn-native"]</arg>
</arguments>
<msg timestamp="20210219 15:18:23.720" level="INFO">Clicking element 'xpath=//*[@id="hlb-ptc-btn-native"]'.</msg>
<status status="PASS" starttime="20210219 15:18:23.720" endtime="20210219 15:18:25.809"></status>
</kw>
<kw name="Sleep" library="BuiltIn">
<doc>Pauses the test executed for the given time.</doc>
<arguments>
<arg>10s</arg>
</arguments>
<msg timestamp="20210219 15:18:35.810" level="INFO">Slept 10 seconds</msg>
<status status="PASS" starttime="20210219 15:18:25.809" endtime="20210219 15:18:35.810"></status>
</kw>
<kw name="Close Browser" library="Selenium2Library">
<doc>Closes the current browser.</doc>
<status status="PASS" starttime="20210219 15:18:35.812" endtime="20210219 15:18:37.946"></status>
</kw>
<doc>This is some basic about test</doc>
<tags>
<tag>Smoke</tag>
</tags>
<status status="PASS" starttime="20210219 15:18:00.639" endtime="20210219 15:18:37.948" critical="yes"></status>
</test>
<doc>This is some basic info about the shopping cart test</doc>
<status status="PASS" starttime="20210219 15:18:00.632" endtime="20210219 15:18:37.953"></status>
</suite>
<suite id="s1-s1-s4" name="AmazonTest4" source="C:\developpement\robot-scripts\Robot_Test\Tests\Amazon\AmazonTest4.robot">
<test id="s1-s1-s4-t1" name="Should be able to search for product">
<kw name="Open Browser" library="Selenium2Library">
<doc>Opens a new browser instance to the optional ``url``.</doc>
<arguments>
<arg>https://www.amazon.com/</arg>
<arg>chrome</arg>
</arguments>
<msg timestamp="20210219 15:18:37.974" level="INFO">Opening browser 'chrome' to base url 'https://www.amazon.com/'.</msg>
<status status="PASS" starttime="20210219 15:18:37.973" endtime="20210219 15:18:44.198"></status>
</kw>
<kw name="Sleep" library="BuiltIn">
<doc>Pauses the test executed for the given time.</doc>
<arguments>
<arg>3s</arg>
</arguments>
<msg timestamp="20210219 15:18:47.200" level="INFO">Slept 3 seconds</msg>
<status status="PASS" starttime="20210219 15:18:44.199" endtime="20210219 15:18:47.200"></status>
</kw>
<kw name="Click Image" library="Selenium2Library">
<doc>Clicks an image identified by ``locator``.</doc>
<arguments>
<arg>Get fit at home</arg>
</arguments>
<msg timestamp="20210219 15:18:47.201" level="INFO">Clicking image 'Get fit at home'.</msg>
<status status="PASS" starttime="20210219 15:18:47.200" endtime="20210219 15:18:49.631"></status>
</kw>
<kw name="Close Browser" library="Selenium2Library">
<doc>Closes the current browser.</doc>
<status status="PASS" starttime="20210219 15:18:49.632" endtime="20210219 15:18:51.720"></status>
</kw>
<doc>This is some basic about test image click</doc>
<tags>
<tag>ImageTest</tag>
</tags>
<status status="PASS" starttime="20210219 15:18:37.971" endtime="20210219 15:18:51.720" critical="yes"></status>
</test>
<status status="PASS" starttime="20210219 15:18:37.961" endtime="20210219 15:18:51.723"></status>
</suite>
<suite id="s1-s1-s5" name="NewTest" source="C:\developpement\robot-scripts\Robot_Test\Tests\Amazon\NewTest.robot">
<test id="s1-s1-s5-t1" name="User must sign in to check out">
<kw name="Open Browser" library="Selenium2Library">
<doc>Opens a new browser instance to the optional ``url``.</doc>
<arguments>
<arg>http://www.amazon.com</arg>
<arg>${BROWSER}</arg>
</arguments>
<msg timestamp="20210219 15:18:51.731" level="INFO">Opening browser 'chrome' to base url 'http://www.amazon.com'.</msg>
<status status="PASS" starttime="20210219 15:18:51.731" endtime="20210219 15:19:00.213"></status>
</kw>
<kw name="Maximize Browser Window" library="Selenium2Library">
<doc>Maximizes current browser window.</doc>
<status status="PASS" starttime="20210219 15:19:00.214" endtime="20210219 15:19:00.356"></status>
</kw>
<kw name="Sleep" library="BuiltIn">
<doc>Pauses the test executed for the given time.</doc>
<arguments>
<arg>3s</arg>
</arguments>
<msg timestamp="20210219 15:19:03.357" level="INFO">Slept 3 seconds</msg>
<status status="PASS" starttime="20210219 15:19:00.357" endtime="20210219 15:19:03.357"></status>
</kw>
<kw name="Close Browser" library="Selenium2Library">
<doc>Closes the current browser.</doc>
<status status="PASS" starttime="20210219 15:19:03.357" endtime="20210219 15:19:05.468"></status>
</kw>
<doc>This is some basic about test</doc>
<tags>
<tag>Smoke2</tag>
</tags>
<status status="PASS" starttime="20210219 15:18:51.729" endtime="20210219 15:19:05.468" critical="yes"></status>
</test>
<doc>This is some basic info about the whole suite for 3 secondes</doc>
<status status="PASS" starttime="20210219 15:18:51.726" endtime="20210219 15:19:05.469"></status>
</suite>
<status status="PASS" starttime="20210219 15:17:38.389" endtime="20210219 15:19:05.473"></status>
</suite>
<status status="PASS" starttime="20210219 15:17:38.373" endtime="20210219 15:19:05.475"></status>
</suite>
<statistics>
<total>
<stat pass="5" fail="0">Critical Tests</stat>
<stat pass="5" fail="0">All Tests</stat>
</total>
<tag>
<stat pass="1" fail="0">ImageTest</stat>
<stat pass="3" fail="0">Smoke</stat>
<stat pass="1" fail="0">Smoke2</stat>
</tag>
<suite>
<stat pass="5" fail="0" id="s1" name="All Tests">All Tests</stat>
<stat pass="5" fail="0" id="s1-s1" name="Amazon">All Tests.Amazon</stat>
<stat pass="1" fail="0" id="s1-s1-s1" name="Amazon">All Tests.Amazon.Amazon</stat>
<stat pass="1" fail="0" id="s1-s1-s2" name="Amazon2">All Tests.Amazon.Amazon2</stat>
<stat pass="1" fail="0" id="s1-s1-s3" name="Amazon3">All Tests.Amazon.Amazon3</stat>
<stat pass="1" fail="0" id="s1-s1-s4" name="AmazonTest4">All Tests.Amazon.AmazonTest4</stat>
<stat pass="1" fail="0" id="s1-s1-s5" name="NewTest">All Tests.Amazon.NewTest</stat>
</suite>
</statistics>
<errors>
</errors>
</robot>
