<?xml version="1.0" encoding="UTF-8"?>
<robot generator="Robot 3.2.2 (Python 3.7.4 on win32)" generated="20210219 15:00:27.164" rpa="false">
<suite id="s1" name="Tests" source="C:\developpement\robot-scripts\Robot_Test\Tests">
<suite id="s1-s1" name="Amazon" source="C:\developpement\robot-scripts\Robot_Test\Tests\Amazon">
<suite id="s1-s1-s1" name="Amazon" source="C:\developpement\robot-scripts\Robot_Test\Tests\Amazon\Amazon.robot">
<test id="s1-s1-s1-t1" name="User must sign in to check out">
<kw name="Open Browser" library="Selenium2Library">
<doc>Opens a new browser instance to the optional ``url``.</doc>
<arguments>
<arg>http://www.amazon.com</arg>
<arg>chrome</arg>
</arguments>
<msg timestamp="20210219 15:00:27.382" level="INFO">Opening browser 'chrome' to base url 'http://www.amazon.com'.</msg>
<status status="PASS" starttime="20210219 15:00:27.382" endtime="20210219 15:00:36.298"></status>
</kw>
<kw name="Sleep" library="BuiltIn">
<doc>Pauses the test executed for the given time.</doc>
<arguments>
<arg>3s</arg>
</arguments>
<msg timestamp="20210219 15:00:39.299" level="INFO">Slept 3 seconds</msg>
<status status="PASS" starttime="20210219 15:00:36.299" endtime="20210219 15:00:39.299"></status>
</kw>
<kw name="Close Browser" library="Selenium2Library">
<doc>Closes the current browser.</doc>
<status status="PASS" starttime="20210219 15:00:39.299" endtime="20210219 15:00:41.427"></status>
</kw>
<doc>This is some basic about test</doc>
<tags>
<tag>Smoke</tag>
</tags>
<status status="PASS" starttime="20210219 15:00:27.382" endtime="20210219 15:00:41.429" critical="yes"></status>
</test>
<doc>This is some basic info about the whole suite for 3 secondes</doc>
<status status="PASS" starttime="20210219 15:00:27.179" endtime="20210219 15:00:41.435"></status>
</suite>
<suite id="s1-s1-s2" name="Amazon2" source="C:\developpement\robot-scripts\Robot_Test\Tests\Amazon\Amazon2.robot">
<test id="s1-s1-s2-t1" name="User must sign in to check out">
<kw name="Open Browser" library="Selenium2Library">
<doc>Opens a new browser instance to the optional ``url``.</doc>
<arguments>
<arg>http://www.amazon.com</arg>
<arg>chrome</arg>
</arguments>
<msg timestamp="20210219 15:00:41.456" level="INFO">Opening browser 'chrome' to base url 'http://www.amazon.com'.</msg>
<status status="PASS" starttime="20210219 15:00:41.456" endtime="20210219 15:00:49.864"></status>
</kw>
<kw name="Close Browser" library="Selenium2Library">
<doc>Closes the current browser.</doc>
<status status="PASS" starttime="20210219 15:00:49.865" endtime="20210219 15:00:51.967"></status>
</kw>
<doc>This is some basic about test</doc>
<tags>
<tag>Smoke</tag>
</tags>
<status status="PASS" starttime="20210219 15:00:41.454" endtime="20210219 15:00:51.967" critical="yes"></status>
</test>
<doc>This is some basic info about the whole suite</doc>
<status status="PASS" starttime="20210219 15:00:41.444" endtime="20210219 15:00:51.967"></status>
</suite>
<suite id="s1-s1-s3" name="Amazon3" source="C:\developpement\robot-scripts\Robot_Test\Tests\Amazon\Amazon3.robot">
<test id="s1-s1-s3-t1" name="User must sign in to check out">
<kw name="Open Browser" library="Selenium2Library">
<doc>Opens a new browser instance to the optional ``url``.</doc>
<arguments>
<arg>http://www.amazon.com</arg>
<arg>chrome</arg>
</arguments>
<msg timestamp="20210219 15:00:51.982" level="INFO">Opening browser 'chrome' to base url 'http://www.amazon.com'.</msg>
<status status="PASS" starttime="20210219 15:00:51.982" endtime="20210219 15:00:58.750"></status>
</kw>
<kw name="Wait Until Page Contains" library="Selenium2Library">
<doc>Waits until ``text`` appears on the current page.</doc>
<arguments>
<arg>Today's Deals</arg>
</arguments>
<status status="PASS" starttime="20210219 15:00:58.750" endtime="20210219 15:00:58.785"></status>
</kw>
<kw name="Input Text" library="Selenium2Library">
<doc>Types the given ``text`` into the text field identified by ``locator``.</doc>
<arguments>
<arg>id=twotabsearchtextbox</arg>
<arg>Ferrari 458</arg>
</arguments>
<msg timestamp="20210219 15:00:58.786" level="INFO">Typing text 'Ferrari 458' into text field 'id=twotabsearchtextbox'.</msg>
<status status="PASS" starttime="20210219 15:00:58.786" endtime="20210219 15:00:58.890"></status>
</kw>
<kw name="Click Button" library="Selenium2Library">
<doc>Clicks the button identified by ``locator``.</doc>
<arguments>
<arg>xpath=//*[@id="nav-search-submit-button"]</arg>
</arguments>
<msg timestamp="20210219 15:00:58.891" level="INFO">Clicking button 'xpath=//*[@id="nav-search-submit-button"]'.</msg>
<status status="PASS" starttime="20210219 15:00:58.891" endtime="20210219 15:01:03.772"></status>
</kw>
<kw name="Wait Until Page Contains" library="Selenium2Library">
<doc>Waits until ``text`` appears on the current page.</doc>
<arguments>
<arg>results for "Ferrari 458"</arg>
</arguments>
<status status="PASS" starttime="20210219 15:01:03.773" endtime="20210219 15:01:03.816"></status>
</kw>
<kw name="Click Link" library="Selenium2Library">
<doc>Clicks a link identified by ``locator``.</doc>
<arguments>
<arg>xpath=//*[@id="search"]/div[1]/div[2]/div/span[3]/div[2]/div[1]/div/span/div/div/div[2]/h2/a</arg>
</arguments>
<msg timestamp="20210219 15:01:03.817" level="INFO">Clicking link 'xpath=//*[@id="search"]/div[1]/div[2]/div/span[3]/div[2]/div[1]/div/span/div/div/div[2]/h2/a'.</msg>
<status status="PASS" starttime="20210219 15:01:03.817" endtime="20210219 15:01:11.451"></status>
</kw>
<kw name="Wait Until Page Contains" library="Selenium2Library">
<doc>Waits until ``text`` appears on the current page.</doc>
<arguments>
<arg>Back to results</arg>
</arguments>
<status status="PASS" starttime="20210219 15:01:11.451" endtime="20210219 15:01:11.503"></status>
</kw>
<kw name="Click Button" library="Selenium2Library">
<doc>Clicks the button identified by ``locator``.</doc>
<arguments>
<arg>id=add-to-cart-button</arg>
</arguments>
<msg timestamp="20210219 15:01:11.504" level="INFO">Clicking button 'id=add-to-cart-button'.</msg>
<status status="PASS" starttime="20210219 15:01:11.504" endtime="20210219 15:01:11.676"></status>
</kw>
<kw name="Wait Until Page Contains" library="Selenium2Library">
<doc>Waits until ``text`` appears on the current page.</doc>
<arguments>
<arg>Proceed to checkout (1 item)</arg>
</arguments>
<status status="PASS" starttime="20210219 15:01:11.677" endtime="20210219 15:01:12.563"></status>
</kw>
<kw name="Click Element" library="Selenium2Library">
<doc>Click the element identified by ``locator``.</doc>
<arguments>
<arg>xpath=//*[@id="hlb-ptc-btn-native"]</arg>
</arguments>
<msg timestamp="20210219 15:01:12.564" level="INFO">Clicking element 'xpath=//*[@id="hlb-ptc-btn-native"]'.</msg>
<status status="PASS" starttime="20210219 15:01:12.564" endtime="20210219 15:01:12.855"></status>
</kw>
<kw name="Sleep" library="BuiltIn">
<doc>Pauses the test executed for the given time.</doc>
<arguments>
<arg>10s</arg>
</arguments>
<msg timestamp="20210219 15:01:22.867" level="INFO">Slept 10 seconds</msg>
<status status="PASS" starttime="20210219 15:01:12.856" endtime="20210219 15:01:22.867"></status>
</kw>
<kw name="Close Browser" library="Selenium2Library">
<doc>Closes the current browser.</doc>
<status status="PASS" starttime="20210219 15:01:22.867" endtime="20210219 15:01:25.030"></status>
</kw>
<doc>This is some basic about test</doc>
<tags>
<tag>Smoke</tag>
</tags>
<status status="PASS" starttime="20210219 15:00:51.982" endtime="20210219 15:01:25.030" critical="yes"></status>
</test>
<doc>This is some basic info about the shopping cart test</doc>
<status status="PASS" starttime="20210219 15:00:51.967" endtime="20210219 15:01:25.030"></status>
</suite>
<suite id="s1-s1-s4" name="AmazonTest4" source="C:\developpement\robot-scripts\Robot_Test\Tests\Amazon\AmazonTest4.robot">
<test id="s1-s1-s4-t1" name="Should be able to search for product">
<kw name="Open Browser" library="Selenium2Library">
<doc>Opens a new browser instance to the optional ``url``.</doc>
<arguments>
<arg>https://www.amazon.com/</arg>
<arg>chrome</arg>
</arguments>
<msg timestamp="20210219 15:01:25.030" level="INFO">Opening browser 'chrome' to base url 'https://www.amazon.com/'.</msg>
<status status="PASS" starttime="20210219 15:01:25.030" endtime="20210219 15:01:33.836"></status>
</kw>
<kw name="Sleep" library="BuiltIn">
<doc>Pauses the test executed for the given time.</doc>
<arguments>
<arg>3s</arg>
</arguments>
<msg timestamp="20210219 15:01:36.837" level="INFO">Slept 3 seconds</msg>
<status status="PASS" starttime="20210219 15:01:33.836" endtime="20210219 15:01:36.837"></status>
</kw>
<kw name="Click Image" library="Selenium2Library">
<doc>Clicks an image identified by ``locator``.</doc>
<arguments>
<arg>Get fit at home</arg>
</arguments>
<msg timestamp="20210219 15:01:36.837" level="INFO">Clicking image 'Get fit at home'.</msg>
<status status="PASS" starttime="20210219 15:01:36.837" endtime="20210219 15:01:40.018"></status>
</kw>
<kw name="Close Browser" library="Selenium2Library">
<doc>Closes the current browser.</doc>
<status status="PASS" starttime="20210219 15:01:40.019" endtime="20210219 15:01:42.127"></status>
</kw>
<doc>This is some basic about test image click</doc>
<tags>
<tag>ImageTest</tag>
</tags>
<status status="PASS" starttime="20210219 15:01:25.030" endtime="20210219 15:01:42.127" critical="yes"></status>
</test>
<status status="PASS" starttime="20210219 15:01:25.030" endtime="20210219 15:01:42.127"></status>
</suite>
<suite id="s1-s1-s5" name="NewTest" source="C:\developpement\robot-scripts\Robot_Test\Tests\Amazon\NewTest.robot">
<test id="s1-s1-s5-t1" name="User must sign in to check out">
<kw name="Open Browser" library="Selenium2Library">
<doc>Opens a new browser instance to the optional ``url``.</doc>
<arguments>
<arg>http://www.amazon.com</arg>
<arg>${BROWSER}</arg>
</arguments>
<msg timestamp="20210219 15:01:42.143" level="INFO">Opening browser 'chrome' to base url 'http://www.amazon.com'.</msg>
<status status="PASS" starttime="20210219 15:01:42.143" endtime="20210219 15:01:53.011"></status>
</kw>
<kw name="Maximize Browser Window" library="Selenium2Library">
<doc>Maximizes current browser window.</doc>
<status status="PASS" starttime="20210219 15:01:53.012" endtime="20210219 15:01:53.140"></status>
</kw>
<kw name="Sleep" library="BuiltIn">
<doc>Pauses the test executed for the given time.</doc>
<arguments>
<arg>3s</arg>
</arguments>
<msg timestamp="20210219 15:01:56.142" level="INFO">Slept 3 seconds</msg>
<status status="PASS" starttime="20210219 15:01:53.140" endtime="20210219 15:01:56.142"></status>
</kw>
<kw name="Close Browser" library="Selenium2Library">
<doc>Closes the current browser.</doc>
<status status="PASS" starttime="20210219 15:01:56.144" endtime="20210219 15:01:58.273"></status>
</kw>
<doc>This is some basic about test</doc>
<tags>
<tag>Smoke2</tag>
</tags>
<status status="PASS" starttime="20210219 15:01:42.143" endtime="20210219 15:01:58.273" critical="yes"></status>
</test>
<doc>This is some basic info about the whole suite for 3 secondes</doc>
<status status="PASS" starttime="20210219 15:01:42.127" endtime="20210219 15:01:58.273"></status>
</suite>
<status status="PASS" starttime="20210219 15:00:27.179" endtime="20210219 15:01:58.273"></status>
</suite>
<status status="PASS" starttime="20210219 15:00:27.164" endtime="20210219 15:01:58.288"></status>
</suite>
<statistics>
<total>
<stat pass="5" fail="0">Critical Tests</stat>
<stat pass="5" fail="0">All Tests</stat>
</total>
<tag>
<stat pass="1" fail="0">ImageTest</stat>
<stat pass="3" fail="0">Smoke</stat>
<stat pass="1" fail="0">Smoke2</stat>
</tag>
<suite>
<stat pass="5" fail="0" id="s1" name="Tests">Tests</stat>
<stat pass="5" fail="0" id="s1-s1" name="Amazon">Tests.Amazon</stat>
<stat pass="1" fail="0" id="s1-s1-s1" name="Amazon">Tests.Amazon.Amazon</stat>
<stat pass="1" fail="0" id="s1-s1-s2" name="Amazon2">Tests.Amazon.Amazon2</stat>
<stat pass="1" fail="0" id="s1-s1-s3" name="Amazon3">Tests.Amazon.Amazon3</stat>
<stat pass="1" fail="0" id="s1-s1-s4" name="AmazonTest4">Tests.Amazon.AmazonTest4</stat>
<stat pass="1" fail="0" id="s1-s1-s5" name="NewTest">Tests.Amazon.NewTest</stat>
</suite>
</statistics>
<errors>
</errors>
</robot>
