<?xml version="1.0" encoding="UTF-8"?>
<robot generator="Robot 3.2.2 (Python 3.7.4 on win32)" generated="20210218 16:53:12.448" rpa="false">
<suite id="s1" name="AmazonTest4" source="C:\developpement\robot-scripts\Robot_Test\Tests\Amazon\AmazonTest4.robot">
<test id="s1-t1" name="Should be able to search for product">
<kw name="Open Browser" library="Selenium2Library">
<doc>Opens a new browser instance to the optional ``url``.</doc>
<arguments>
<arg>https://www.amazon.com/</arg>
<arg>chrome</arg>
</arguments>
<msg timestamp="20210218 16:53:12.667" level="INFO">Opening browser 'chrome' to base url 'https://www.amazon.com/'.</msg>
<status status="PASS" starttime="20210218 16:53:12.667" endtime="20210218 16:53:17.498"></status>
</kw>
<kw name="Sleep" library="BuiltIn">
<doc>Pauses the test executed for the given time.</doc>
<arguments>
<arg>3s</arg>
</arguments>
<msg timestamp="20210218 16:53:20.499" level="INFO">Slept 3 seconds</msg>
<status status="PASS" starttime="20210218 16:53:17.498" endtime="20210218 16:53:20.499"></status>
</kw>
<kw name="Click Image" library="Selenium2Library">
<doc>Clicks an image identified by ``locator``.</doc>
<arguments>
<arg>Get fit at home</arg>
</arguments>
<msg timestamp="20210218 16:53:20.500" level="INFO">Clicking image 'Get fit at home'.</msg>
<status status="PASS" starttime="20210218 16:53:20.499" endtime="20210218 16:53:22.893"></status>
</kw>
<kw name="Close Browser" library="Selenium2Library">
<doc>Closes the current browser.</doc>
<status status="PASS" starttime="20210218 16:53:22.894" endtime="20210218 16:53:25.001"></status>
</kw>
<doc>This is some basic about test image click</doc>
<tags>
<tag>ImageTest</tag>
</tags>
<status status="PASS" starttime="20210218 16:53:12.666" endtime="20210218 16:53:25.003" critical="yes"></status>
</test>
<status status="PASS" starttime="20210218 16:53:12.450" endtime="20210218 16:53:25.011"></status>
</suite>
<statistics>
<total>
<stat pass="1" fail="0">Critical Tests</stat>
<stat pass="1" fail="0">All Tests</stat>
</total>
<tag>
<stat pass="1" fail="0">ImageTest</stat>
</tag>
<suite>
<stat pass="1" fail="0" id="s1" name="AmazonTest4">AmazonTest4</stat>
</suite>
</statistics>
<errors>
</errors>
</robot>
