<?xml version="1.0" encoding="UTF-8"?>
<robot generator="Robot 3.2.2 (Python 3.7.4 on win32)" generated="20210219 15:29:30.144" rpa="false">
<suite id="s1" name="Tests" source="C:\developpement\robot-scripts\Robot_Test\Tests">
<suite id="s1-s1" name="Amazon" source="C:\developpement\robot-scripts\Robot_Test\Tests\Amazon">
<suite id="s1-s1-s1" name="TestCase1" source="C:\developpement\robot-scripts\Robot_Test\Tests\Amazon\TestCase1.robot">
<test id="s1-s1-s1-t1" name="Test case 1">
<kw name="Log" library="BuiltIn">
<doc>Logs the given message with the given level.</doc>
<arguments>
<arg>I am case 1</arg>
</arguments>
<msg timestamp="20210219 15:29:30.378" level="INFO">I am case 1</msg>
<status status="PASS" starttime="20210219 15:29:30.378" endtime="20210219 15:29:30.378"></status>
</kw>
<status status="PASS" starttime="20210219 15:29:30.378" endtime="20210219 15:29:30.378" critical="yes"></status>
</test>
<doc>This is some basic info about the whole suite for 3 secondes</doc>
<status status="PASS" starttime="20210219 15:29:30.175" endtime="20210219 15:29:30.378"></status>
</suite>
<status status="PASS" starttime="20210219 15:29:30.175" endtime="20210219 15:29:30.378"></status>
</suite>
<status status="PASS" starttime="20210219 15:29:30.144" endtime="20210219 15:29:30.394"></status>
</suite>
<statistics>
<total>
<stat pass="1" fail="0">Critical Tests</stat>
<stat pass="1" fail="0">All Tests</stat>
</total>
<tag>
</tag>
<suite>
<stat pass="1" fail="0" id="s1" name="Tests">Tests</stat>
<stat pass="1" fail="0" id="s1-s1" name="Amazon">Tests.Amazon</stat>
<stat pass="1" fail="0" id="s1-s1-s1" name="TestCase1">Tests.Amazon.TestCase1</stat>
</suite>
</statistics>
<errors>
</errors>
</robot>
