<?xml version="1.0" encoding="UTF-8"?>
<robot generator="Robot 3.2.2 (Python 3.7.4 on win32)" generated="20210219 15:40:59.628" rpa="false">
<suite id="s1" name="Single Test Case" source="C:\developpement\robot-scripts\Robot_Test\Tests">
<suite id="s1-s1" name="Amazon" source="C:\developpement\robot-scripts\Robot_Test\Tests\Amazon">
<suite id="s1-s1-s1" name="Amazon2" source="C:\developpement\robot-scripts\Robot_Test\Tests\Amazon\Amazon2">
<suite id="s1-s1-s1-s1" name="TestRobot" source="C:\developpement\robot-scripts\Robot_Test\Tests\Amazon\Amazon2\TestRobot.robot">
<test id="s1-s1-s1-s1-t1">
<tags>
<tag>CurrentTestCase</tag>
</tags>
<status status="FAIL" starttime="20210219 15:40:59.875" endtime="20210219 15:40:59.884" critical="yes">Test case name cannot be empty.</status>
</test>
<doc>This is some basic info about the whole suite for 3 secondes</doc>
<status status="FAIL" starttime="20210219 15:40:59.660" endtime="20210219 15:40:59.889"></status>
</suite>
<status status="FAIL" starttime="20210219 15:40:59.660" endtime="20210219 15:40:59.900"></status>
</suite>
<status status="FAIL" starttime="20210219 15:40:59.660" endtime="20210219 15:40:59.904"></status>
</suite>
<status status="FAIL" starttime="20210219 15:40:59.628" endtime="20210219 15:40:59.906"></status>
</suite>
<statistics>
<total>
<stat pass="0" fail="1">Critical Tests</stat>
<stat pass="0" fail="1">All Tests</stat>
</total>
<tag>
<stat pass="0" fail="1">CurrentTestCase</stat>
</tag>
<suite>
<stat pass="0" fail="1" id="s1" name="Single Test Case">Single Test Case</stat>
<stat pass="0" fail="1" id="s1-s1" name="Amazon">Single Test Case.Amazon</stat>
<stat pass="0" fail="1" id="s1-s1-s1" name="Amazon2">Single Test Case.Amazon.Amazon2</stat>
<stat pass="0" fail="1" id="s1-s1-s1-s1" name="TestRobot">Single Test Case.Amazon.Amazon2.TestRobot</stat>
</suite>
</statistics>
<errors>
</errors>
</robot>
