<?xml version="1.0" encoding="UTF-8"?>
<robot generator="Robot 3.2.2 (Python 3.7.4 on win32)" generated="20210219 14:55:10.502" rpa="false">
<suite id="s1" name="Amazon" source="C:\developpement\robot-scripts\Robot_Test\Tests\Amazon\Amazon.robot">
<test id="s1-t1" name="User must sign in to check out">
<kw name="Open Browser" library="Selenium2Library">
<doc>Opens a new browser instance to the optional ``url``.</doc>
<arguments>
<arg>http://www.amazon.com</arg>
<arg>chrome</arg>
</arguments>
<msg timestamp="20210219 14:55:10.742" level="INFO">Opening browser 'chrome' to base url 'http://www.amazon.com'.</msg>
<status status="PASS" starttime="20210219 14:55:10.742" endtime="20210219 14:55:17.662"></status>
</kw>
<kw name="Sleep" library="BuiltIn">
<doc>Pauses the test executed for the given time.</doc>
<arguments>
<arg>3s</arg>
</arguments>
<msg timestamp="20210219 14:55:20.665" level="INFO">Slept 3 seconds</msg>
<status status="PASS" starttime="20210219 14:55:17.662" endtime="20210219 14:55:20.665"></status>
</kw>
<kw name="Close Browser" library="Selenium2Library">
<doc>Closes the current browser.</doc>
<status status="PASS" starttime="20210219 14:55:20.667" endtime="20210219 14:55:22.794"></status>
</kw>
<doc>This is some basic about test</doc>
<tags>
<tag>Smoke</tag>
</tags>
<status status="PASS" starttime="20210219 14:55:10.732" endtime="20210219 14:55:22.794" critical="yes"></status>
</test>
<doc>This is some basic info about the whole suite for 3 secondes</doc>
<status status="PASS" starttime="20210219 14:55:10.502" endtime="20210219 14:55:22.794"></status>
</suite>
<statistics>
<total>
<stat pass="1" fail="0">Critical Tests</stat>
<stat pass="1" fail="0">All Tests</stat>
</total>
<tag>
<stat pass="1" fail="0">Smoke</stat>
</tag>
<suite>
<stat pass="1" fail="0" id="s1" name="Amazon">Amazon</stat>
</suite>
</statistics>
<errors>
</errors>
</robot>
