<?xml version="1.0" encoding="UTF-8"?>
<robot generator="Robot 3.2.2 (Python 3.7.4 on win32)" generated="20210219 15:52:00.904" rpa="false">
<suite id="s1" name="TestRobot" source="C:\developpement\robot-scripts\Robot_Test\Tests\Amazon\Amazon2\TestRobot.robot">
<test id="s1-t1" name="Test case 1">
<kw name="Log" library="BuiltIn">
<doc>Logs the given message with the given level.</doc>
<arguments>
<arg>I am case 1</arg>
</arguments>
<msg timestamp="20210219 15:52:01.123" level="INFO">I am case 1</msg>
<status status="PASS" starttime="20210219 15:52:01.123" endtime="20210219 15:52:01.123"></status>
</kw>
<status status="PASS" starttime="20210219 15:52:01.123" endtime="20210219 15:52:01.123" critical="yes"></status>
</test>
<status status="PASS" starttime="20210219 15:52:00.920" endtime="20210219 15:52:01.123"></status>
</suite>
<statistics>
<total>
<stat pass="1" fail="0">Critical Tests</stat>
<stat pass="1" fail="0">All Tests</stat>
</total>
<tag>
</tag>
<suite>
<stat pass="1" fail="0" id="s1" name="TestRobot">TestRobot</stat>
</suite>
</statistics>
<errors>
</errors>
</robot>
